生成启动时间为 2017/4/27 17:25:49。
     1>项目“E:\robo\openCVrelative\NO1\NO1\NO1.vcxproj”在节点 2 上(build 个目标)。
     1>InitializeBuildStatus:
         正在创建“Debug\NO1.unsuccessfulbuild”，因为已指定“AlwaysCreate”。
       ClCompile:
         C:\Program Files (x86)\Microsoft Visual Studio 10.0\VC\bin\CL.exe /c /I\fE:\robo\openCV\opencv\build\x86\vc10\..\..\include /ZI /nologo /W3 /WX- /Od /Oy- /D WIN32 /D _DEBUG /D _CONSOLE /D _UNICODE /D UNICODE /Gm /EHsc /RTC1 /MDd /GS /fp:precise /Zc:wchar_t /Zc:forScope /Fo"Debug\\" /Fd"Debug\vc100.pdb" /Gd /TP /analyze- /errorReport:prompt GREEN2RED.cpp
         GREEN2RED.cpp
       ManifestResourceCompile:
         所有输出均为最新。
       Link:
         C:\Program Files (x86)\Microsoft Visual Studio 10.0\VC\bin\link.exe /ERRORREPORT:PROMPT /OUT:"E:\robo\openCVrelative\NO1\Debug\NO1.exe" /INCREMENTAL /NOLOGO /LIBPATH:E:\robo\openCV\opencv\build\x86\vc10\lib opencv_ts300d.lib opencv_world300d.lib kernel32.lib user32.lib gdi32.lib winspool.lib comdlg32.lib advapi32.lib shell32.lib ole32.lib oleaut32.lib uuid.lib odbc32.lib odbccp32.lib /MANIFEST /ManifestFile:"Debug\NO1.exe.intermediate.manifest" /MANIFESTUAC:"level='asInvoker' uiAccess='false'" /DEBUG /PDB:"E:\robo\openCVrelative\NO1\Debug\NO1.pdb" /SUBSYSTEM:CONSOLE /TLBID:1 /DYNAMICBASE /NXCOMPAT /IMPLIB:"E:\robo\openCVrelative\NO1\Debug\NO1.lib" /MACHINE:X86 Debug\NO1.exe.embed.manifest.res
         Debug\GREEN2RED.obj
       Manifest:
         C:\Program Files (x86)\Microsoft SDKs\Windows\v7.0A\bin\mt.exe /nologo /verbose /out:"Debug\NO1.exe.embed.manifest" /manifest Debug\NO1.exe.intermediate.manifest
         所有输出均为最新。
       LinkEmbedManifest:
         所有输出均为最新。
         NO1.vcxproj -> E:\robo\openCVrelative\NO1\Debug\NO1.exe
       FinalizeBuildStatus:
         正在删除文件“Debug\NO1.unsuccessfulbuild”。
         正在对“Debug\NO1.lastbuildstate”执行 Touch 任务。
     1>已完成生成项目“E:\robo\openCVrelative\NO1\NO1\NO1.vcxproj”(build 个目标)的操作。

生成成功。

已用时间 00:00:01.52
