E:\ROBO\OPENCVRELATIVE\NO1\DEBUG\NO1.EXE
E:\ROBO\OPENCVRELATIVE\NO1\DEBUG\NO1.ILK
E:\ROBO\OPENCVRELATIVE\NO1\DEBUG\NO1.PDB
E:\robo\openCVrelative\NO1\NO1\Debug\cl.command.1.tlog
E:\robo\openCVrelative\NO1\NO1\Debug\CL.read.1.tlog
E:\robo\openCVrelative\NO1\NO1\Debug\CL.write.1.tlog
E:\robo\openCVrelative\NO1\NO1\Debug\link.10208.read.1.tlog
E:\robo\openCVrelative\NO1\NO1\Debug\link.10208.write.1.tlog
E:\robo\openCVrelative\NO1\NO1\Debug\link.10208-cvtres.read.1.tlog
E:\robo\openCVrelative\NO1\NO1\Debug\link.10208-cvtres.write.1.tlog
E:\robo\openCVrelative\NO1\NO1\Debug\link.5208.read.1.tlog
E:\robo\openCVrelative\NO1\NO1\Debug\link.5208.write.1.tlog
E:\robo\openCVrelative\NO1\NO1\Debug\link.5208-cvtres.read.1.tlog
E:\robo\openCVrelative\NO1\NO1\Debug\link.5208-cvtres.write.1.tlog
E:\robo\openCVrelative\NO1\NO1\Debug\link.5348.read.1.tlog
E:\robo\openCVrelative\NO1\NO1\Debug\link.5348.write.1.tlog
E:\robo\openCVrelative\NO1\NO1\Debug\link.5348-cvtres.read.1.tlog
E:\robo\openCVrelative\NO1\NO1\Debug\link.5348-cvtres.write.1.tlog
E:\robo\openCVrelative\NO1\NO1\Debug\link.6096.read.1.tlog
E:\robo\openCVrelative\NO1\NO1\Debug\link.6096.write.1.tlog
E:\robo\openCVrelative\NO1\NO1\Debug\link.6096-cvtres.read.1.tlog
E:\robo\openCVrelative\NO1\NO1\Debug\link.6096-cvtres.write.1.tlog
E:\robo\openCVrelative\NO1\NO1\Debug\link.8148.read.1.tlog
E:\robo\openCVrelative\NO1\NO1\Debug\link.8148.write.1.tlog
E:\robo\openCVrelative\NO1\NO1\Debug\link.8148-cvtres.read.1.tlog
E:\robo\openCVrelative\NO1\NO1\Debug\link.8148-cvtres.write.1.tlog
E:\robo\openCVrelative\NO1\NO1\Debug\link.command.1.tlog
E:\robo\openCVrelative\NO1\NO1\Debug\link.read.1.tlog
E:\robo\openCVrelative\NO1\NO1\Debug\link.write.1.tlog
E:\robo\openCVrelative\NO1\NO1\Debug\link-cvtres.read.1.tlog
E:\robo\openCVrelative\NO1\NO1\Debug\link-cvtres.write.1.tlog
E:\ROBO\OPENCVRELATIVE\NO1\NO1\DEBUG\MAIN2.OBJ
E:\ROBO\OPENCVRELATIVE\NO1\NO1\DEBUG\MAIN3.OBJ
E:\ROBO\OPENCVRELATIVE\NO1\NO1\DEBUG\MAINNO1.OBJ
E:\robo\openCVrelative\NO1\NO1\Debug\mt.command.1.tlog
E:\robo\openCVrelative\NO1\NO1\Debug\mt.read.1.tlog
E:\robo\openCVrelative\NO1\NO1\Debug\mt.write.1.tlog
E:\ROBO\OPENCVRELATIVE\NO1\NO1\DEBUG\NO1.EXE.EMBED.MANIFEST
E:\ROBO\OPENCVRELATIVE\NO1\NO1\DEBUG\NO1.EXE.EMBED.MANIFEST.RES
E:\ROBO\OPENCVRELATIVE\NO1\NO1\DEBUG\NO1.EXE.INTERMEDIATE.MANIFEST
E:\robo\openCVrelative\NO1\NO1\Debug\NO1.vcxprojResolveAssemblyReference.cache
E:\robo\openCVrelative\NO1\NO1\Debug\NO1.write.1.tlog
E:\robo\openCVrelative\NO1\NO1\Debug\NO1_manifest.rc
E:\robo\openCVrelative\NO1\NO1\Debug\rc.command.1.tlog
E:\robo\openCVrelative\NO1\NO1\Debug\rc.read.1.tlog
E:\robo\openCVrelative\NO1\NO1\Debug\rc.write.1.tlog
E:\robo\openCVrelative\NO1\NO1\Debug\vc100.idb
E:\ROBO\OPENCVRELATIVE\NO1\NO1\DEBUG\VC100.PDB
E:\ROBO\OPENCV相关\NO1\NO1\DEBUG\MAINNO1.OBJ
E:\ROBO\OPENCV相关\NO1\NO1\DEBUG\NO1.EXE.EMBED.MANIFEST.RES
E:\ROBO\OPENCV相关\NO1\NO1\DEBUG\VC100.PDB
